<?xml version="1.0" encoding="UTF-8" ?>
<testsuites errors="0"
            failures="1"
            tests="2">

  <testsuite name="ebay_search"
    errors="0" failures="1" hostname="" id="" package="ebay_search" skipped="1"
    tests="2" time="32.56" timestamp="">
  
    <testcase name="Ebay search engine test" classname="ebay_search" time="30.24" assertions="2">

    

    
    </testcase>
  
    <testcase name="Ebay verify search result" classname="ebay_search" time="2.315" assertions="2">

      <failure message="Great result. Matched in 1000 ms. - expected [0;32m&#34;MacBook&#34;[0m but got: [0;31m&#34;null&#34;[0m">    at Object.Ebay verify search result (C:\Users\GANIS\Test_Dicky\tests\ebay_search.js:26:13)
    at process._tickCallback (internal/process/next_tick.js:68:7)</failure>

    <failure message="    at Object.Ebay verify search result (C:\Users\GANIS\Test_Dicky\tests\ebay_search.js:26:13)">    at process._tickCallback (internal/process/next_tick.js:68:7)</failure>
    </testcase>
  

  

  
    
    <testcase
      name="Ebay verify all search result" classname="ebay_search">
      <skipped />
    </testcase>
    
  
  </testsuite>
</testsuites>
